<?xml version="1.0" encoding="UTF-8"?>
<!-- Generated by org.testng.reporters.JUnitXMLReporter -->
<testsuite ignored="2" hostname="SPMUMLAP-055" failures="0" tests="3" name="Default test" time="15.794" errors="0" timestamp="2022-08-27T10:16:54 GST">
  <testcase classname="test.LoginPageTest" name="data" time="0.042"/>
  <testcase classname="test.LoginPageTest" name="data" time="0.002"/>
  <testcase classname="test.LoginPageTest" name="data" time="0.002"/>
  <testcase classname="test.LoginPageTest" name="ZerodhaLoginTest" time="0.0">
    <ignored/>
  </testcase> <!-- ZerodhaLoginTest -->
  <testcase classname="test.LoginPageTest" name="ZerodhaForgotTest" time="0.0">
    <ignored/>
  </testcase> <!-- ZerodhaForgotTest -->
</testsuite> <!-- Default test -->
