<?xml version="1.0" encoding="UTF-8"?>
<testng-results ignored="2" total="5" passed="3" failed="0" skipped="0">
  <reporter-output>
  </reporter-output>
  <suite started-at="2022-08-27T10:16:38 GST" name="Default suite" finished-at="2022-08-27T10:16:54 GST" duration-ms="15794">
    <groups>
    </groups>
    <test started-at="2022-08-27T10:16:38 GST" name="Default test" finished-at="2022-08-27T10:16:54 GST" duration-ms="15794">
      <class name="test.LoginPageTest">
        <test-method is-config="true" signature="addreports()[pri:0, instance:test.LoginPageTest@4802796d]" started-at="2022-08-27T10:16:38 GST" name="addreports" finished-at="2022-08-27T10:16:38 GST" duration-ms="214" status="PASS">
          <reporter-output>
          </reporter-output>
        </test-method> <!-- addreports -->
        <test-method is-config="true" signature="launchBrowser()[pri:0, instance:test.LoginPageTest@4802796d]" started-at="2022-08-27T10:16:38 GST" name="launchBrowser" finished-at="2022-08-27T10:16:46 GST" duration-ms="7185" status="PASS">
          <reporter-output>
          </reporter-output>
        </test-method> <!-- launchBrowser -->
        <test-method signature="data(int,int,java.lang.String)[pri:0, instance:test.LoginPageTest@4802796d]" started-at="2022-08-27T10:16:46 GST" name="data" data-provider="DataForTest" finished-at="2022-08-27T10:16:46 GST" duration-ms="42" status="PASS">
          <params>
            <param index="0">
              <value>
                <![CDATA[5]]>
              </value>
            </param>
            <param index="1">
              <value>
                <![CDATA[10]]>
              </value>
            </param>
            <param index="2">
              <value>
                <![CDATA[Velocity]]>
              </value>
            </param>
          </params>
          <reporter-output>
          </reporter-output>
        </test-method> <!-- data -->
        <test-method is-config="true" signature="postTest(org.testng.ITestResult)[pri:0, instance:test.LoginPageTest@4802796d]" started-at="2022-08-27T10:16:46 GST" name="postTest" finished-at="2022-08-27T10:16:46 GST" duration-ms="7" status="PASS">
          <params>
            <param index="0">
              <value>
                <![CDATA[[TestResult name=data status=SUCCESS method=LoginPageTest.data(int,int,java.lang.String)[pri:0, instance:test.LoginPageTest@4802796d] output={null}]]]>
              </value>
            </param>
          </params>
          <reporter-output>
          </reporter-output>
        </test-method> <!-- postTest -->
        <test-method is-config="true" signature="launchBrowser()[pri:0, instance:test.LoginPageTest@4802796d]" started-at="2022-08-27T10:16:46 GST" name="launchBrowser" finished-at="2022-08-27T10:16:49 GST" duration-ms="3726" status="PASS">
          <reporter-output>
          </reporter-output>
        </test-method> <!-- launchBrowser -->
        <test-method signature="data(int,int,java.lang.String)[pri:0, instance:test.LoginPageTest@4802796d]" started-at="2022-08-27T10:16:49 GST" name="data" data-provider="DataForTest" finished-at="2022-08-27T10:16:49 GST" duration-ms="2" status="PASS">
          <params>
            <param index="0">
              <value>
                <![CDATA[40]]>
              </value>
            </param>
            <param index="1">
              <value>
                <![CDATA[2]]>
              </value>
            </param>
            <param index="2">
              <value>
                <![CDATA[Katraj]]>
              </value>
            </param>
          </params>
          <reporter-output>
          </reporter-output>
        </test-method> <!-- data -->
        <test-method is-config="true" signature="postTest(org.testng.ITestResult)[pri:0, instance:test.LoginPageTest@4802796d]" started-at="2022-08-27T10:16:49 GST" name="postTest" finished-at="2022-08-27T10:16:49 GST" duration-ms="1" status="PASS">
          <params>
            <param index="0">
              <value>
                <![CDATA[[TestResult name=data status=SUCCESS method=LoginPageTest.data(int,int,java.lang.String)[pri:0, instance:test.LoginPageTest@4802796d] output={null}]]]>
              </value>
            </param>
          </params>
          <reporter-output>
          </reporter-output>
        </test-method> <!-- postTest -->
        <test-method is-config="true" signature="launchBrowser()[pri:0, instance:test.LoginPageTest@4802796d]" started-at="2022-08-27T10:16:49 GST" name="launchBrowser" finished-at="2022-08-27T10:16:54 GST" duration-ms="4289" status="PASS">
          <reporter-output>
          </reporter-output>
        </test-method> <!-- launchBrowser -->
        <test-method signature="data(int,int,java.lang.String)[pri:0, instance:test.LoginPageTest@4802796d]" started-at="2022-08-27T10:16:54 GST" name="data" data-provider="DataForTest" finished-at="2022-08-27T10:16:54 GST" duration-ms="2" status="PASS">
          <params>
            <param index="0">
              <value>
                <![CDATA[50]]>
              </value>
            </param>
            <param index="1">
              <value>
                <![CDATA[5]]>
              </value>
            </param>
            <param index="2">
              <value>
                <![CDATA[Pune]]>
              </value>
            </param>
          </params>
          <reporter-output>
          </reporter-output>
        </test-method> <!-- data -->
        <test-method is-config="true" signature="postTest(org.testng.ITestResult)[pri:0, instance:test.LoginPageTest@4802796d]" started-at="2022-08-27T10:16:54 GST" name="postTest" finished-at="2022-08-27T10:16:54 GST" duration-ms="1" status="PASS">
          <params>
            <param index="0">
              <value>
                <![CDATA[[TestResult name=data status=SUCCESS method=LoginPageTest.data(int,int,java.lang.String)[pri:0, instance:test.LoginPageTest@4802796d] output={null}]]]>
              </value>
            </param>
          </params>
          <reporter-output>
          </reporter-output>
        </test-method> <!-- postTest -->
        <test-method is-config="true" signature="flushReport()[pri:0, instance:test.LoginPageTest@4802796d]" started-at="2022-08-27T10:16:54 GST" name="flushReport" finished-at="2022-08-27T10:16:54 GST" duration-ms="291" status="PASS">
          <reporter-output>
          </reporter-output>
        </test-method> <!-- flushReport -->
      </class> <!-- test.LoginPageTest -->
    </test> <!-- Default test -->
  </suite> <!-- Default suite -->
</testng-results>
